****************************************************************
  Sure Independence Screening and Sparsifying Operator (SISSO)  
             Version SISSO.3.5, August, 2024.                
****************************************************************

Read in data from train.dat
Standard Deviation (sqrt[sum(y-y_mean)^2/n]) of the target property:  10.08820
Read in data from SISSO.in
Property type:     1
Number of tasks:        1
Descriptor dimension:        1
Number of samples for the task(s):   5000
Restarts :  0
Scheme for feature storing in memory:        1
Number of scalar features:        7
Tier of the feature space (max depth of expression tree):        3
Maximal feature complexity (number of operators in a feature):        7
Unit of input primary feature, each represented by a row vector: 
    1.00    0.00
    1.00    0.00
    0.00    0.00
    0.00    0.00
    0.00    0.00
    0.00    1.00
    0.00    0.00
The feature will be discarded if the minimum of the maximal abs. value in it <    0.10000E-02
The faature will be discarded if the maximum of the maximal abs. value in it >     0.10000E+06
Size of the SIS-selected (single) subspace :     20
Operators for feature construction: (+)(-)(*)(/)(^-1)(^2)(^3)(sqrt)(cbrt)(^6)(exp)(exp-)(|-|) (+)(-)(*)(/)(^-1)(^2)(^3)(sqrt)(cbrt)(^6)(exp)(exp-)(|-|) (+)(-)(*)(/)(^-1)(^2)(^3)(sqrt)(cbrt)(^6)(exp)(exp-)(|-|) 
Method for sparse regression:  L0        
Fitting intercept:      T
Metric for model selection: RMSE
Number of the top-ranked models to output:      100
--------------------------------------------------------------------------------

Dimension:   1
-------------------
Feature Construction (FC) starts ...
Total number of features in the space Phi00:              7
Total number of features in the space Phi01:            148
Total number of features in the space Phi02:          26804
Total number of features in the space Phi03:     1434536116
Size of the SIS-selected subspace from Phi03:         20
Time (second) used for this FC:         2547.99

Descriptor Identification (DI) starts ...
Total number of SIS-selected features for this DI:         20
 
  1D descriptor/model(y=sum(ci*di)+c0) : 
================================================================================
     d001 = ((cbrt(SM)*(SM/G))/((NA+G)*sqrt(D)))    feature_ID:000001
 
        coeff.(ci):     0.1346717763E+01
                c0:     0.1449792525E+00
    RMSE and MaxAE:     0.1476360753E+01    0.2117662918E+02
================================================================================
Time (second) used for this DI:            0.24
Total time (second):         2548.50
Have a nice day !    

