****************************************************************
  Sure Independence Screening and Sparsifying Operator (SISSO)  
             Version SISSO.3.5, August, 2024.                
****************************************************************

Read in data from train.dat
Standard Deviation (sqrt[sum(y-y_mean)^2/n]) of the target property:  23.88283
Read in data from SISSO.in
Property type:     1
Number of tasks:        1
Descriptor dimension:        1
Number of samples for the task(s):   5077
Restarts :  0
Scheme for feature storing in memory:        1
Number of scalar features:        5
Tier of the feature space (max depth of expression tree):        3
Maximal feature complexity (number of operators in a feature):        7
Unit of input primary feature, each represented by a row vector: 
    0.00    0.00
    0.00    0.00
    0.00    0.00
    1.00    0.00
    0.00    1.00
The feature will be discarded if the minimum of the maximal abs. value in it <    0.10000E-07
The faature will be discarded if the maximum of the maximal abs. value in it >     0.10000E+09
Size of the SIS-selected (single) subspace :    200
Operators for feature construction: (+)(-)(*)(/)(exp)(exp-)(^-1)(^2)(^3)(sqrt)(cbrt)(|-|)(^6)(sin)(cos) (+)(-)(*)(/)(exp)(exp-)(^-1)(^2)(^3)(sqrt)(cbrt)(|-|)(^6)(sin)(cos) (+)(-)(*)(/)(exp)(exp-)(^-1)(^2)(^3)(sqrt)(cbrt)(|-|)(^6)(sin)(cos) 
Method for sparse regression:  L0        
Fitting intercept:      T
Metric for model selection: RMSE
Number of the top-ranked models to output:      100
--------------------------------------------------------------------------------

Dimension:   1
-------------------
Feature Construction (FC) starts ...
Total number of features in the space Phi00:              5
Total number of features in the space Phi01:             93
Total number of features in the space Phi02:          12997
Total number of features in the space Phi03:      370221050
Size of the SIS-selected subspace from Phi03:        200
Time (second) used for this FC:          836.23

Descriptor Identification (DI) starts ...
Total number of SIS-selected features for this DI:        200
 
  1D descriptor/model(y=sum(ci*di)+c0) : 
================================================================================
     d001 = (((NA*PR)*exp(PUGR))*cbrt(sqrt(VPA)))    feature_ID:000001
 
        coeff.(ci):     0.3761012315E+01
                c0:     0.1428660091E+00
    RMSE and MaxAE:     0.2372682808E+01    0.3666691415E+02
================================================================================
Time (second) used for this DI:            1.02
Total time (second):          837.41
Have a nice day !    

